<?xml version="1.0" encoding="UTF-8"?>
<!-- Generated by org.testng.reporters.JUnitXMLReporter -->
<testsuite hostname="WKWIN5573498" name="Surefire test" tests="1" failures="1" timestamp="19 Jul 2020 14:32:49 GMT" time="5.162" errors="0">
  <testcase name="runScenario" time="4.663" classname="cucumber.Options.TestRunner">
    <failure type="java.lang.NullPointerException">
      <![CDATA[java.lang.NullPointerException
	at stepDefinitions.api.apiCommon.callAPI(apiCommon.java:85)
	at stepDefinitions.api.PlaceSteps.user_calls_with_http_request(PlaceSteps.java:72)
	at ✽.User calls "AddPlaceAPI" with "POST" http request(file:src/test/resources/features/API_F1_place.feature:7)
]]>
    </failure>
  </testcase> <!-- runScenario -->
</testsuite> <!-- Surefire test -->
