<?xml version="1.0" encoding="UTF-8"?>
<!-- Generated by org.testng.reporters.JUnitXMLReporter -->
<testsuite hostname="WKWIN5573498" name="Default test" tests="4" failures="0" timestamp="19 Jul 2020 18:17:08 GMT" time="8.066" errors="0">
  <testcase name="runScenario" time="5.961" classname="cucumber.Options.TestRunner"/>
  <testcase name="runScenario" time="0.296" classname="cucumber.Options.TestRunner"/>
  <testcase name="runScenario" time="0.682" classname="cucumber.Options.TestRunner"/>
  <testcase name="runScenario" time="0.618" classname="cucumber.Options.TestRunner"/>
</testsuite> <!-- Default test -->
