<?xml version="1.0" encoding="UTF-8"?>
<!-- Generated by org.testng.reporters.JUnitXMLReporter -->
<testsuite hostname="WKWIN5573498" name="Default test" tests="4" failures="0" timestamp="18 Jul 2020 08:20:32 GMT" time="14.712" errors="0">
  <testcase name="runScenario" time="10.909" classname="cucumber.Options.TestRunner"/>
  <testcase name="runScenario" time="0.335" classname="cucumber.Options.TestRunner"/>
  <testcase name="runScenario" time="0.949" classname="cucumber.Options.TestRunner"/>
  <testcase name="runScenario" time="0.773" classname="cucumber.Options.TestRunner"/>
</testsuite> <!-- Default test -->
