-------------------------------------------------------------------------------
Test set: cucumber.Options.TestRunner
-------------------------------------------------------------------------------
Tests run: 1, Failures: 1, Errors: 0, Skipped: 0, Time elapsed: 16.112 s <<< FAILURE! - in cucumber.Options.TestRunner
runScenario(cucumber.Options.TestRunner)  Time elapsed: 4.677 s  <<< FAILURE!
java.lang.NullPointerException

