<?xml version="1.0" encoding="UTF-8"?>
<testng-results skipped="0" failed="0" total="1" passed="1">
  <reporter-output>
  </reporter-output>
  <suite name="Surefire suite" duration-ms="10048" started-at="2020-07-18T10:43:05Z" finished-at="2020-07-18T10:43:15Z">
    <groups>
      <group name="cucumber">
        <method signature="AbstractTestNGCucumberTests.runScenario(io.cucumber.testng.PickleEventWrapper, io.cucumber.testng.CucumberFeatureWrapper)[pri:0, instance:cucumber.Options.TestRunner@2ef5e5e3]" name="runScenario" class="io.cucumber.testng.AbstractTestNGCucumberTests"/>
      </group> <!-- cucumber -->
    </groups>
    <test name="Surefire test" duration-ms="10048" started-at="2020-07-18T10:43:05Z" finished-at="2020-07-18T10:43:15Z">
      <class name="cucumber.Options.TestRunner">
        <test-method status="PASS" signature="setUpClass()[pri:0, instance:cucumber.Options.TestRunner@2ef5e5e3]" name="setUpClass" is-config="true" duration-ms="291" started-at="2020-07-18T16:13:05Z" finished-at="2020-07-18T16:13:05Z">
          <reporter-output>
          </reporter-output>
        </test-method> <!-- setUpClass -->
        <test-method status="PASS" signature="runScenario(io.cucumber.testng.PickleEventWrapper, io.cucumber.testng.CucumberFeatureWrapper)[pri:0, instance:cucumber.Options.TestRunner@2ef5e5e3]" name="runScenario" duration-ms="9282" started-at="2020-07-18T16:13:05Z" description="Runs Cucumber Scenarios" data-provider="scenarios" finished-at="2020-07-18T16:13:14Z">
          <params>
            <param index="0">
              <value>
                <![CDATA["Verify that PUT API is successfully updating the places"]]>
              </value>
            </param>
            <param index="1">
              <value>
                <![CDATA["Place Validation API Test"]]>
              </value>
            </param>
          </params>
          <reporter-output>
          </reporter-output>
        </test-method> <!-- runScenario -->
        <test-method status="PASS" signature="tearDownClass()[pri:0, instance:cucumber.Options.TestRunner@2ef5e5e3]" name="tearDownClass" is-config="true" duration-ms="342" started-at="2020-07-18T16:13:14Z" finished-at="2020-07-18T16:13:15Z">
          <reporter-output>
          </reporter-output>
        </test-method> <!-- tearDownClass -->
        <test-method status="PASS" signature="reportGeneration()[pri:0, instance:cucumber.Options.TestRunner@2ef5e5e3]" name="reportGeneration" is-config="true" duration-ms="6763" started-at="2020-07-18T16:13:15Z" finished-at="2020-07-18T16:13:22Z">
          <reporter-output>
          </reporter-output>
        </test-method> <!-- reportGeneration -->
      </class> <!-- cucumber.Options.TestRunner -->
    </test> <!-- Surefire test -->
  </suite> <!-- Surefire suite -->
</testng-results>
