<?xml version="1.0" encoding="UTF-8"?>
<testng-results skipped="0" failed="1" total="1" passed="0">
  <reporter-output>
  </reporter-output>
  <suite name="Surefire suite" duration-ms="5162" started-at="2020-07-19T14:32:44Z" finished-at="2020-07-19T14:32:49Z">
    <groups>
      <group name="cucumber">
        <method signature="AbstractTestNGCucumberTests.runScenario(io.cucumber.testng.PickleEventWrapper, io.cucumber.testng.CucumberFeatureWrapper)[pri:0, instance:cucumber.Options.TestRunner@2ef5e5e3]" name="runScenario" class="io.cucumber.testng.AbstractTestNGCucumberTests"/>
      </group> <!-- cucumber -->
    </groups>
    <test name="Surefire test" duration-ms="5162" started-at="2020-07-19T14:32:44Z" finished-at="2020-07-19T14:32:49Z">
      <class name="cucumber.Options.TestRunner">
        <test-method status="PASS" signature="setUpClass()[pri:0, instance:cucumber.Options.TestRunner@2ef5e5e3]" name="setUpClass" is-config="true" duration-ms="290" started-at="2020-07-19T20:02:44Z" finished-at="2020-07-19T20:02:44Z">
          <reporter-output>
          </reporter-output>
        </test-method> <!-- setUpClass -->
        <test-method status="FAIL" signature="runScenario(io.cucumber.testng.PickleEventWrapper, io.cucumber.testng.CucumberFeatureWrapper)[pri:0, instance:cucumber.Options.TestRunner@2ef5e5e3]" name="runScenario" duration-ms="4663" started-at="2020-07-19T20:02:44Z" description="Runs Cucumber Scenarios" data-provider="scenarios" finished-at="2020-07-19T20:02:49Z">
          <params>
            <param index="0">
              <value>
                <![CDATA["Verify that place is added successfully using add place post api"]]>
              </value>
            </param>
            <param index="1">
              <value>
                <![CDATA["Place Validation API Test"]]>
              </value>
            </param>
          </params>
          <exception class="java.lang.NullPointerException">
            <full-stacktrace>
              <![CDATA[java.lang.NullPointerException
	at stepDefinitions.api.apiCommon.callAPI(apiCommon.java:85)
	at stepDefinitions.api.PlaceSteps.user_calls_with_http_request(PlaceSteps.java:72)
	at ✽.User calls "AddPlaceAPI" with "POST" http request(file:src/test/resources/features/API_F1_place.feature:7)
]]>
            </full-stacktrace>
          </exception> <!-- java.lang.NullPointerException -->
          <reporter-output>
          </reporter-output>
        </test-method> <!-- runScenario -->
        <test-method status="PASS" signature="tearDownClass()[pri:0, instance:cucumber.Options.TestRunner@2ef5e5e3]" name="tearDownClass" is-config="true" duration-ms="103" started-at="2020-07-19T20:02:49Z" finished-at="2020-07-19T20:02:49Z">
          <reporter-output>
          </reporter-output>
        </test-method> <!-- tearDownClass -->
        <test-method status="PASS" signature="reportGeneration()[pri:0, instance:cucumber.Options.TestRunner@2ef5e5e3]" name="reportGeneration" is-config="true" duration-ms="7925" started-at="2020-07-19T20:02:49Z" finished-at="2020-07-19T20:02:57Z">
          <reporter-output>
          </reporter-output>
        </test-method> <!-- reportGeneration -->
      </class> <!-- cucumber.Options.TestRunner -->
    </test> <!-- Surefire test -->
  </suite> <!-- Surefire suite -->
</testng-results>
