<?xml version="1.0" encoding="UTF-8"?>
<testng-results skipped="0" failed="0" total="4" passed="4">
  <reporter-output>
  </reporter-output>
  <suite name="Default suite" duration-ms="8066" started-at="2020-07-19T18:17:00Z" finished-at="2020-07-19T18:17:08Z">
    <groups>
      <group name="cucumber">
        <method signature="AbstractTestNGCucumberTests.runScenario(io.cucumber.testng.PickleEventWrapper, io.cucumber.testng.CucumberFeatureWrapper)[pri:0, instance:cucumber.Options.TestRunner@2cbb3d47]" name="runScenario" class="io.cucumber.testng.AbstractTestNGCucumberTests"/>
      </group> <!-- cucumber -->
    </groups>
    <test name="Default test" duration-ms="8066" started-at="2020-07-19T18:17:00Z" finished-at="2020-07-19T18:17:08Z">
      <class name="cucumber.Options.TestRunner">
        <test-method status="PASS" signature="setUpClass()[pri:0, instance:cucumber.Options.TestRunner@2cbb3d47]" name="setUpClass" is-config="true" duration-ms="196" started-at="2020-07-19T23:47:00Z" finished-at="2020-07-19T23:47:00Z">
          <reporter-output>
          </reporter-output>
        </test-method> <!-- setUpClass -->
        <test-method status="PASS" signature="runScenario(io.cucumber.testng.PickleEventWrapper, io.cucumber.testng.CucumberFeatureWrapper)[pri:0, instance:cucumber.Options.TestRunner@2cbb3d47]" name="runScenario" duration-ms="5961" started-at="2020-07-19T23:47:00Z" description="Runs Cucumber Scenarios" data-provider="scenarios" finished-at="2020-07-19T23:47:06Z">
          <params>
            <param index="0">
              <value>
                <![CDATA["Verify that place is added successfully using add place post api"]]>
              </value>
            </param>
            <param index="1">
              <value>
                <![CDATA["Place Validation API Test"]]>
              </value>
            </param>
          </params>
          <reporter-output>
          </reporter-output>
        </test-method> <!-- runScenario -->
        <test-method status="PASS" signature="runScenario(io.cucumber.testng.PickleEventWrapper, io.cucumber.testng.CucumberFeatureWrapper)[pri:0, instance:cucumber.Options.TestRunner@2cbb3d47]" name="runScenario" duration-ms="296" started-at="2020-07-19T23:47:06Z" description="Runs Cucumber Scenarios" data-provider="scenarios" finished-at="2020-07-19T23:47:06Z">
          <params>
            <param index="0">
              <value>
                <![CDATA["Verify that place is added successfully using add place post api"]]>
              </value>
            </param>
            <param index="1">
              <value>
                <![CDATA["Place Validation API Test"]]>
              </value>
            </param>
          </params>
          <reporter-output>
          </reporter-output>
        </test-method> <!-- runScenario -->
        <test-method status="PASS" signature="runScenario(io.cucumber.testng.PickleEventWrapper, io.cucumber.testng.CucumberFeatureWrapper)[pri:0, instance:cucumber.Options.TestRunner@2cbb3d47]" name="runScenario" duration-ms="682" started-at="2020-07-19T23:47:06Z" description="Runs Cucumber Scenarios" data-provider="scenarios" finished-at="2020-07-19T23:47:07Z">
          <params>
            <param index="0">
              <value>
                <![CDATA["Verify that GET API is successfully getting the places"]]>
              </value>
            </param>
            <param index="1">
              <value>
                <![CDATA["Place Validation API Test"]]>
              </value>
            </param>
          </params>
          <reporter-output>
          </reporter-output>
        </test-method> <!-- runScenario -->
        <test-method status="PASS" signature="runScenario(io.cucumber.testng.PickleEventWrapper, io.cucumber.testng.CucumberFeatureWrapper)[pri:0, instance:cucumber.Options.TestRunner@2cbb3d47]" name="runScenario" duration-ms="618" started-at="2020-07-19T23:47:07Z" description="Runs Cucumber Scenarios" data-provider="scenarios" finished-at="2020-07-19T23:47:08Z">
          <params>
            <param index="0">
              <value>
                <![CDATA["Verify that PUT API is successfully updating the places"]]>
              </value>
            </param>
            <param index="1">
              <value>
                <![CDATA["Place Validation API Test"]]>
              </value>
            </param>
          </params>
          <reporter-output>
          </reporter-output>
        </test-method> <!-- runScenario -->
        <test-method status="PASS" signature="tearDownClass()[pri:0, instance:cucumber.Options.TestRunner@2cbb3d47]" name="tearDownClass" is-config="true" duration-ms="199" started-at="2020-07-19T23:47:08Z" finished-at="2020-07-19T23:47:08Z">
          <reporter-output>
          </reporter-output>
        </test-method> <!-- tearDownClass -->
        <test-method status="PASS" signature="reportGeneration()[pri:0, instance:cucumber.Options.TestRunner@2cbb3d47]" name="reportGeneration" is-config="true" duration-ms="6736" started-at="2020-07-19T23:47:08Z" finished-at="2020-07-19T23:47:15Z">
          <reporter-output>
          </reporter-output>
        </test-method> <!-- reportGeneration -->
      </class> <!-- cucumber.Options.TestRunner -->
    </test> <!-- Default test -->
  </suite> <!-- Default suite -->
</testng-results>
