<?xml version="1.0" encoding="UTF-8"?>
<testng-results skipped="0" failed="0" total="2" passed="2">
  <reporter-output>
  </reporter-output>
  <suite name="Default suite" duration-ms="5958" started-at="2020-07-13T17:04:31Z" finished-at="2020-07-13T17:04:37Z">
    <groups>
      <group name="cucumber">
        <method signature="AbstractTestNGCucumberTests.runScenario(io.cucumber.testng.PickleEventWrapper, io.cucumber.testng.CucumberFeatureWrapper)[pri:0, instance:cucumber.Options.TestRunner@6e75aa0d]" name="runScenario" class="io.cucumber.testng.AbstractTestNGCucumberTests"/>
      </group> <!-- cucumber -->
    </groups>
    <test name="Default test" duration-ms="5958" started-at="2020-07-13T17:04:31Z" finished-at="2020-07-13T17:04:37Z">
      <class name="cucumber.Options.TestRunner">
        <test-method status="PASS" signature="setUpClass()[pri:0, instance:cucumber.Options.TestRunner@6e75aa0d]" name="setUpClass" is-config="true" duration-ms="188" started-at="2020-07-13T22:34:31Z" finished-at="2020-07-13T22:34:31Z">
          <reporter-output>
          </reporter-output>
        </test-method> <!-- setUpClass -->
        <test-method status="PASS" signature="runScenario(io.cucumber.testng.PickleEventWrapper, io.cucumber.testng.CucumberFeatureWrapper)[pri:0, instance:cucumber.Options.TestRunner@6e75aa0d]" name="runScenario" duration-ms="4706" started-at="2020-07-13T22:34:31Z" description="Runs Cucumber Scenarios" data-provider="scenarios" finished-at="2020-07-13T22:34:36Z">
          <params>
            <param index="0">
              <value>
                <![CDATA["Verify that place is added successfully using add place post api"]]>
              </value>
            </param>
            <param index="1">
              <value>
                <![CDATA["Place Validation API Test"]]>
              </value>
            </param>
          </params>
          <reporter-output>
          </reporter-output>
        </test-method> <!-- runScenario -->
        <test-method status="PASS" signature="runScenario(io.cucumber.testng.PickleEventWrapper, io.cucumber.testng.CucumberFeatureWrapper)[pri:0, instance:cucumber.Options.TestRunner@6e75aa0d]" name="runScenario" duration-ms="792" started-at="2020-07-13T22:34:36Z" description="Runs Cucumber Scenarios" data-provider="scenarios" finished-at="2020-07-13T22:34:37Z">
          <params>
            <param index="0">
              <value>
                <![CDATA["Verify that GET API is successfully getting the places"]]>
              </value>
            </param>
            <param index="1">
              <value>
                <![CDATA["Place Validation API Test"]]>
              </value>
            </param>
          </params>
          <reporter-output>
          </reporter-output>
        </test-method> <!-- runScenario -->
        <test-method status="PASS" signature="tearDownClass()[pri:0, instance:cucumber.Options.TestRunner@6e75aa0d]" name="tearDownClass" is-config="true" duration-ms="164" started-at="2020-07-13T22:34:37Z" finished-at="2020-07-13T22:34:37Z">
          <reporter-output>
          </reporter-output>
        </test-method> <!-- tearDownClass -->
        <test-method status="PASS" signature="reportGeneration()[pri:0, instance:cucumber.Options.TestRunner@6e75aa0d]" name="reportGeneration" is-config="true" duration-ms="13314" started-at="2020-07-13T22:34:37Z" finished-at="2020-07-13T22:34:50Z">
          <reporter-output>
          </reporter-output>
        </test-method> <!-- reportGeneration -->
      </class> <!-- cucumber.Options.TestRunner -->
    </test> <!-- Default test -->
  </suite> <!-- Default suite -->
</testng-results>
